# JRE version: Java(TM) SE Runtime Environment (8.0_221-b11) (build 1.8.0_221-b11)
# Java VM: Java HotSpot(TM) 64-Bit Server VM (25.221-b11 mixed mode linux-amd64 compressed oops)
Heap:
 PSYoungGen      total 63488K, used 35832K [0x0000000719100000, 0x000000071d380000, 0x00000007c0000000)
  eden space 62976K, 56% used [0x0000000719100000,0x000000071b3be2d0,0x000000071ce80000)
  from space 512K, 50% used [0x000000071d300000,0x000000071d340000,0x000000071d380000)
  to   space 2048K, 0% used [0x000000071cf80000,0x000000071cf80000,0x000000071d180000)
 ParOldGen       total 133632K, used 8591K [0x00000005cb200000, 0x00000005d3480000, 0x0000000719100000)
  object space 133632K, 6% used [0x00000005cb200000,0x00000005cba63c50,0x00000005d3480000)
 Metaspace       used 20906K, capacity 21254K, committed 21760K, reserved 1069056K
  class space    used 2133K, capacity 2246K, committed 2304K, reserved 1048576K
GC Heap History (10 events):
Event: 2898,362 GC heap before
{Heap before GC invocations=41 (full 1):
 PSYoungGen      total 68608K, used 68320K [0x0000000719100000, 0x000000071d900000, 0x00000007c0000000)
  eden space 68096K, 100% used [0x0000000719100000,0x000000071d380000,0x000000071d380000)
  from space 512K, 43% used [0x000000071d480000,0x000000071d4b8000,0x000000071d500000)
  to   space 2560K, 0% used [0x000000071d680000,0x000000071d680000,0x000000071d900000)
 ParOldGen       total 133632K, used 8439K [0x00000005cb200000, 0x00000005d3480000, 0x0000000719100000)
  object space 133632K, 6% used [0x00000005cb200000,0x00000005cba3dc50,0x00000005d3480000)
 Metaspace       used 20893K, capacity 21222K, committed 21760K, reserved 1069056K
  class space    used 2131K, capacity 2214K, committed 2304K, reserved 1048576K
Event: 2898,364 GC heap after
Heap after GC invocations=41 (full 1):
 PSYoungGen      total 68096K, used 288K [0x0000000719100000, 0x000000071d780000, 0x00000007c0000000)
  eden space 67072K, 0% used [0x0000000719100000,0x0000000719100000,0x000000071d280000)
  from space 1024K, 28% used [0x000000071d680000,0x000000071d6c8000,0x000000071d780000)
  to   space 2560K, 0% used [0x000000071d280000,0x000000071d280000,0x000000071d500000)
 ParOldGen       total 133632K, used 8463K [0x00000005cb200000, 0x00000005d3480000, 0x0000000719100000)
  object space 133632K, 6% used [0x00000005cb200000,0x00000005cba43c50,0x00000005d3480000)
 Metaspace       used 20893K, capacity 21222K, committed 21760K, reserved 1069056K
  class space    used 2131K, capacity 2214K, committed 2304K, reserved 1048576K
}
Event: 2899,962 GC heap before
{Heap before GC invocations=42 (full 1):
 PSYoungGen      total 68096K, used 67360K [0x0000000719100000, 0x000000071d780000, 0x00000007c0000000)
  eden space 67072K, 100% used [0x0000000719100000,0x000000071d280000,0x000000071d280000)
  from space 1024K, 28% used [0x000000071d680000,0x000000071d6c8000,0x000000071d780000)
  to   space 2560K, 0% used [0x000000071d280000,0x000000071d280000,0x000000071d500000)
 ParOldGen       total 133632K, used 8463K [0x00000005cb200000, 0x00000005d3480000, 0x0000000719100000)
  object space 133632K, 6% used [0x00000005cb200000,0x00000005cba43c50,0x00000005d3480000)
 Metaspace       used 20893K, capacity 21222K, committed 21760K, reserved 1069056K
  class space    used 2131K, capacity 2214K, committed 2304K, reserved 1048576K
Event: 2899,963 GC heap after
Heap after GC invocations=42 (full 1):
 PSYoungGen      total 66560K, used 256K [0x0000000719100000, 0x000000071d700000, 0x00000007c0000000)
  eden space 66048K, 0% used [0x0000000719100000,0x0000000719100000,0x000000071d180000)
  from space 512K, 50% used [0x000000071d280000,0x000000071d2c0000,0x000000071d300000)
  to   space 2560K, 0% used [0x000000071d480000,0x000000071d480000,0x000000071d700000)
 ParOldGen       total 133632K, used 8495K [0x00000005cb200000, 0x00000005d3480000, 0x0000000719100000)
  object space 133632K, 6% used [0x00000005cb200000,0x00000005cba4bc50,0x00000005d3480000)
 Metaspace       used 20893K, capacity 21222K, committed 21760K, reserved 1069056K
  class space    used 2131K, capacity 2214K, committed 2304K, reserved 1048576K
}
Event: 2901,562 GC heap before
{Heap before GC invocations=43 (full 1):
 PSYoungGen      total 66560K, used 66304K [0x0000000719100000, 0x000000071d700000, 0x00000007c0000000)
  eden space 66048K, 100% used [0x0000000719100000,0x000000071d180000,0x000000071d180000)
  from space 512K, 50% used [0x000000071d280000,0x000000071d2c0000,0x000000071d300000)
  to   space 2560K, 0% used [0x000000071d480000,0x000000071d480000,0x000000071d700000)
 ParOldGen       total 133632K, used 8495K [0x00000005cb200000, 0x00000005d3480000, 0x0000000719100000)
  object space 133632K, 6% used [0x00000005cb200000,0x00000005cba4bc50,0x00000005d3480000)
 Metaspace       used 20893K, capacity 21222K, committed 21760K, reserved 1069056K
  class space    used 2131K, capacity 2214K, committed 2304K, reserved 1048576K
Event: 2901,563 GC heap after
Heap after GC invocations=43 (full 1):
 PSYoungGen      total 65536K, used 256K [0x0000000719100000, 0x000000071d500000, 0x00000007c0000000)
  eden space 65024K, 0% used [0x0000000719100000,0x0000000719100000,0x000000071d080000)
  from space 512K, 50% used [0x000000071d480000,0x000000071d4c0000,0x000000071d500000)
  to   space 2048K, 0% used [0x000000071d100000,0x000000071d100000,0x000000071d300000)
 ParOldGen       total 133632K, used 8535K [0x00000005cb200000, 0x00000005d3480000, 0x0000000719100000)
  object space 133632K, 6% used [0x00000005cb200000,0x00000005cba55c50,0x00000005d3480000)
 Metaspace       used 20893K, capacity 21222K, committed 21760K, reserved 1069056K
  class space    used 2131K, capacity 2214K, committed 2304K, reserved 1048576K
}
Event: 2903,112 GC heap before
{Heap before GC invocations=44 (full 1):
 PSYoungGen      total 65536K, used 65280K [0x0000000719100000, 0x000000071d500000, 0x00000007c0000000)
  eden space 65024K, 100% used [0x0000000719100000,0x000000071d080000,0x000000071d080000)
  from space 512K, 50% used [0x000000071d480000,0x000000071d4c0000,0x000000071d500000)
  to   space 2048K, 0% used [0x000000071d100000,0x000000071d100000,0x000000071d300000)
 ParOldGen       total 133632K, used 8535K [0x00000005cb200000, 0x00000005d3480000, 0x0000000719100000)
  object space 133632K, 6% used [0x00000005cb200000,0x00000005cba55c50,0x00000005d3480000)
 Metaspace       used 20893K, capacity 21222K, committed 21760K, reserved 1069056K
  class space    used 2131K, capacity 2214K, committed 2304K, reserved 1048576K
Event: 2903,113 GC heap after
Heap after GC invocations=44 (full 1):
 PSYoungGen      total 66048K, used 288K [0x0000000719100000, 0x000000071d500000, 0x00000007c0000000)
  eden space 64000K, 0% used [0x0000000719100000,0x0000000719100000,0x000000071cf80000)
  from space 2048K, 14% used [0x000000071d100000,0x000000071d148000,0x000000071d300000)
  to   space 2048K, 0% used [0x000000071d300000,0x000000071d300000,0x000000071d500000)
 ParOldGen       total 133632K, used 8559K [0x00000005cb200000, 0x00000005d3480000, 0x0000000719100000)
  object space 133632K, 6% used [0x00000005cb200000,0x00000005cba5bc50,0x00000005d3480000)
 Metaspace       used 20893K, capacity 21222K, committed 21760K, reserved 1069056K
  class space    used 2131K, capacity 2214K, committed 2304K, reserved 1048576K
}
Event: 2904,612 GC heap before
{Heap before GC invocations=45 (full 1):
 PSYoungGen      total 66048K, used 64288K [0x0000000719100000, 0x000000071d500000, 0x00000007c0000000)
  eden space 64000K, 100% used [0x0000000719100000,0x000000071cf80000,0x000000071cf80000)
  from space 2048K, 14% used [0x000000071d100000,0x000000071d148000,0x000000071d300000)
  to   space 2048K, 0% used [0x000000071d300000,0x000000071d300000,0x000000071d500000)
 ParOldGen       total 133632K, used 8559K [0x00000005cb200000, 0x00000005d3480000, 0x0000000719100000)
  object space 133632K, 6% used [0x00000005cb200000,0x00000005cba5bc50,0x00000005d3480000)
 Metaspace       used 20893K, capacity 21222K, committed 21760K, reserved 1069056K
  class space    used 2131K, capacity 2214K, committed 2304K, reserved 1048576K
Event: 2904,613 GC heap after
Heap after GC invocations=45 (full 1):
 PSYoungGen      total 63488K, used 256K [0x0000000719100000, 0x000000071d380000, 0x00000007c0000000)
  eden space 62976K, 0% used [0x0000000719100000,0x0000000719100000,0x000000071ce80000)
  from space 512K, 50% used [0x000000071d300000,0x000000071d340000,0x000000071d380000)
  to   space 2048K, 0% used [0x000000071cf80000,0x000000071cf80000,0x000000071d180000)
 ParOldGen       total 133632K, used 8591K [0x00000005cb200000, 0x00000005d3480000, 0x0000000719100000)
  object space 133632K, 6% used [0x00000005cb200000,0x00000005cba63c50,0x00000005d3480000)
 Metaspace       used 20893K, capacity 21222K, committed 21760K, reserved 1069056K
  class space    used 2131K, capacity 2214K, committed 2304K, reserved 1048576K
}

